<?xml version="1.0" encoding="UTF-8"?>
<testng-results skipped="0" failed="0" total="7" passed="7">
  <reporter-output>
    <line>
      <![CDATA[Go to website's main page]]>
    </line>
    <line>
      <![CDATA[Clicking at product type]]>
    </line>
    <line>
      <![CDATA[Go to website's main page]]>
    </line>
    <line>
      <![CDATA[Clicking at product type]]>
    </line>
    <line>
      <![CDATA[Go to website's main page]]>
    </line>
    <line>
      <![CDATA[Clicking at product type]]>
    </line>
    <line>
      <![CDATA[Go to website's main page]]>
    </line>
    <line>
      <![CDATA[Clicking at product type]]>
    </line>
    <line>
      <![CDATA[Refreshing locators]]>
    </line>
    <line>
      <![CDATA[Go to website's main page]]>
    </line>
    <line>
      <![CDATA[Clicking at product type]]>
    </line>
    <line>
      <![CDATA[Go to website's main page]]>
    </line>
    <line>
      <![CDATA[Clicking at product type]]>
    </line>
    <line>
      <![CDATA[Go to website's main page]]>
    </line>
    <line>
      <![CDATA[Clicking at product type]]>
    </line>
  </reporter-output>
  <suite name="Suite 1" duration-ms="405459" started-at="2013-11-15T12:12:38Z" finished-at="2013-11-15T12:19:23Z">
    <groups>
    </groups>
    <test name="testNG test1" duration-ms="405459" started-at="2013-11-15T12:12:38Z" finished-at="2013-11-15T12:19:23Z">
      <class name="com.epam.preproduction.tests.CheckFilterParameters">
        <test-method status="PASS" signature="setUp()" name="setUp" is-config="true" duration-ms="6937" started-at="2013-11-15T12:12:38Z" finished-at="2013-11-15T12:12:44Z">
        </test-method>
        <test-method status="PASS" signature="configuration()" name="configuration" is-config="true" duration-ms="43" started-at="2013-11-15T12:12:45Z" finished-at="2013-11-15T12:12:45Z">
        </test-method>
        <test-method status="PASS" signature="testFilterByProducer(java.lang.String)" name="testFilterByProducer" duration-ms="71973" started-at="2013-11-15T12:12:45Z" finished-at="2013-11-15T12:13:57Z">
          <params>
            <param index="0">
              <value>
                <![CDATA[Хлебопечи]]>
              </value>
            </param>
          </params>
        </test-method>
        <test-method status="PASS" signature="configuration()" name="configuration" is-config="true" duration-ms="4" started-at="2013-11-15T12:13:57Z" finished-at="2013-11-15T12:13:57Z">
        </test-method>
        <test-method status="PASS" signature="testFilterParameter(java.lang.String, java.lang.String)" name="testFilterParameter" duration-ms="1228" started-at="2013-11-15T12:13:57Z" finished-at="2013-11-15T12:13:58Z">
          <params>
            <param index="0">
              <value>
                <![CDATA[Хлебопечи]]>
              </value>
            </param>
            <param index="1">
              <value>
                <![CDATA[Регулировка веса]]>
              </value>
            </param>
          </params>
        </test-method>
      </class>
      <class name="com.epam.preproduction.tests.CheckPriceFilterTest">
        <test-method status="PASS" signature="setUp()" name="setUp" is-config="true" duration-ms="1974" started-at="2013-11-15T12:14:39Z" finished-at="2013-11-15T12:14:41Z">
        </test-method>
        <test-method status="PASS" signature="configurations()" name="configurations" is-config="true" duration-ms="5" started-at="2013-11-15T12:14:41Z" finished-at="2013-11-15T12:14:41Z">
        </test-method>
        <test-method status="PASS" signature="testFilterPrice(java.lang.String, java.lang.String, double, double)" name="testFilterPrice" duration-ms="214278" started-at="2013-11-15T12:14:41Z" finished-at="2013-11-15T12:18:15Z">
          <params>
            <param index="0">
              <value>
                <![CDATA[Бытовая техника]]>
              </value>
            </param>
            <param index="1">
              <value>
                <![CDATA[Посудомойки]]>
              </value>
            </param>
            <param index="2">
              <value>
                <![CDATA[6000.0]]>
              </value>
            </param>
            <param index="3">
              <value>
                <![CDATA[7000.0]]>
              </value>
            </param>
          </params>
        </test-method>
      </class>
      <class name="com.epam.preproduction.tests.CompareItemsTest">
        <test-method status="PASS" signature="setUp()" name="setUp" is-config="true" duration-ms="45" started-at="2013-11-15T12:18:15Z" finished-at="2013-11-15T12:18:15Z">
        </test-method>
        <test-method status="PASS" signature="configuration()" name="configuration" is-config="true" duration-ms="11" started-at="2013-11-15T12:18:15Z" finished-at="2013-11-15T12:18:15Z">
        </test-method>
        <test-method status="PASS" signature="testCompareItems(java.lang.String, java.lang.String)" name="testCompareItems" duration-ms="21203" started-at="2013-11-15T12:18:15Z" finished-at="2013-11-15T12:18:36Z">
          <params>
            <param index="0">
              <value>
                <![CDATA[Бытовая техника]]>
              </value>
            </param>
            <param index="1">
              <value>
                <![CDATA[Микроволновки]]>
              </value>
            </param>
          </params>
        </test-method>
      </class>
      <class name="com.epam.preproduction.tests.SortingTest">
        <test-method status="PASS" signature="setUp()" name="setUp" is-config="true" duration-ms="29" started-at="2013-11-15T12:18:36Z" finished-at="2013-11-15T12:18:36Z">
        </test-method>
        <test-method status="PASS" signature="configuration()" name="configuration" is-config="true" duration-ms="6" started-at="2013-11-15T12:18:36Z" finished-at="2013-11-15T12:18:36Z">
        </test-method>
        <test-method status="PASS" signature="testSortingByName(java.lang.String)" name="testSortingByName" duration-ms="23346" started-at="2013-11-15T12:18:36Z" finished-at="2013-11-15T12:19:00Z">
          <params>
            <param index="0">
              <value>
                <![CDATA[Холодильники]]>
              </value>
            </param>
          </params>
        </test-method>
        <test-method status="PASS" signature="configuration()" name="configuration" is-config="true" duration-ms="4" started-at="2013-11-15T12:19:00Z" finished-at="2013-11-15T12:19:00Z">
        </test-method>
        <test-method status="PASS" signature="testSortingByPrice(java.lang.String)" name="testSortingByPrice" duration-ms="23240" started-at="2013-11-15T12:19:00Z" finished-at="2013-11-15T12:19:23Z">
          <params>
            <param index="0">
              <value>
                <![CDATA[Холодильники]]>
              </value>
            </param>
          </params>
        </test-method>
      </class>
      <class name="com.epam.preproduction.tests.CheckItemInformation">
        <test-method status="PASS" signature="setUp()" name="setUp" is-config="true" duration-ms="1029" started-at="2013-11-15T12:13:58Z" finished-at="2013-11-15T12:13:59Z">
        </test-method>
        <test-method status="PASS" signature="configuration()" name="configuration" is-config="true" duration-ms="12" started-at="2013-11-15T12:13:59Z" finished-at="2013-11-15T12:13:59Z">
        </test-method>
        <test-method status="PASS" signature="testItemInformation(java.lang.String)" name="testItemInformation" duration-ms="39653" started-at="2013-11-15T12:13:59Z" finished-at="2013-11-15T12:14:39Z">
          <params>
            <param index="0">
              <value>
                <![CDATA[Кондиционеры]]>
              </value>
            </param>
          </params>
        </test-method>
      </class>
    </test>
  </suite>
</testng-results>
